0 info it worked if it ends with ok
1 verbose cli [ 'C:\\Program Files\\nodejs\\node.exe',
1 verbose cli   'C:\\Program Files\\nodejs\\node_modules\\npm\\bin\\npm-cli.js',
1 verbose cli   'run',
1 verbose cli   'serve' ]
2 info using npm@3.10.10
3 info using node@v6.10.0
4 verbose run-script [ 'preserve', 'serve', 'postserve' ]
5 info lifecycle angularjs@1.0.0~preserve: angularjs@1.0.0
6 silly lifecycle angularjs@1.0.0~preserve: no script for preserve, continuing
7 info lifecycle angularjs@1.0.0~serve: angularjs@1.0.0
8 verbose lifecycle angularjs@1.0.0~serve: unsafe-perm in lifecycle true
9 verbose lifecycle angularjs@1.0.0~serve: PATH: C:\Program Files\nodejs\node_modules\npm\bin\node-gyp-bin;D:\SOURCES\JS\javascript-practice\angularjs\node_modules\.bin;C:\Program Files\Git\mingw64\bin;C:\Program Files\Git\usr\bin;C:\Users\kovaroberik\bin;C:\ProgramData\Oracle\Java\javapath;C:\Program Files (x86)\Intel\iCLS Client;C:\Program Files\Intel\iCLS Client;C:\Windows\system32;C:\Windows;C:\Windows\System32\Wbem;C:\Windows\System32\WindowsPowerShell\v1.0;C:\Program Files (x86)\Intel\Intel(R) Management Engine Components\DAL;C:\Program Files\Intel\Intel(R) Management Engine Components\DAL;C:\Program Files (x86)\Intel\Intel(R) Management Engine Components\IPT;C:\Program Files\Intel\Intel(R) Management Engine Components\IPT;C:\Users\kovaroberik\.dnx\bin;C:\Program Files\Microsoft DNX\Dnvm;C:\Program Files (x86)\Windows Kits\8.1\Windows Performance Toolkit;C:\Program Files\Microsoft SQL Server\130\Tools\Binn;C:\Program Files\Git\cmd;C:\Program Files (x86)\NVIDIA Corporation\PhysX\Common;C:\WINDOWS\system32;C:\WINDOWS;C:\WINDOWS\System32\Wbem;C:\WINDOWS\System32\WindowsPowerShell\v1.0;C:\Program Files\nodejs;C:\TDM-GCC-64\bin;D:\devserver\php;C:\ProgramData\ComposerSetup\bin;C:\Users\kovaroberik\AppData\Roaming\Composer\vendor\bin;D:\devserver2\php;C:\Users\kovaroberik\AppData\Local\Programs\Python\Python36-32;C:\Users\kovaroberik\AppData\Local\Programs\Python\Python36-32\Scripts;D:\PROGRAME\mtlb\runtime\win64;D:\PROGRAME\mtlb\bin;D:\PROGRAME\mtlb\polyspace\bin;C:\Program Files\Microsoft\Web Platform Installer;C:\Program Files\Microsoft SQL Server\Client SDK\ODBC\130\Tools\Binn;C:\Program Files (x86)\Microsoft SQL Server\140\Tools\Binn;C:\Program Files\Microsoft SQL Server\140\Tools\Binn;C:\Program Files\Microsoft SQL Server\140\DTS\Binn;C:\WINDOWS\System32\OpenSSH;C:\Program Files\PuTTY;C:\Program Files\Microsoft VS Code\bin;C:\Users\kovaroberik\AppData\Local\Microsoft\WindowsApps;C:\Users\kovaroberik\AppData\Roaming\npm;C:\Users\kovaroberik\AppData\Local\Microsoft\WindowsApps;C:\Users\kovaroberik\AppData\Roaming\Composer\vendor\bin;C:\Program Files\Microsoft VS Code\bin
10 verbose lifecycle angularjs@1.0.0~serve: CWD: D:\SOURCES\JS\javascript-practice\angularjs
11 silly lifecycle angularjs@1.0.0~serve: Args: [ '/d /s /c', 'webpack-dev-server --content-base dist' ]
12 verbose stack Error: kill ENOSYS
12 verbose stack     at exports._errnoException (util.js:1022:11)
12 verbose stack     at process.kill (internal/process.js:172:13)
12 verbose stack     at process.listener (C:\Program Files\nodejs\node_modules\npm\node_modules\npmlog\node_modules\gauge\node_modules\signal-exit\index.js:86:15)
12 verbose stack     at emitNone (events.js:91:20)
12 verbose stack     at process.emit (events.js:185:7)
12 verbose stack     at processEmit (C:\Program Files\nodejs\node_modules\npm\node_modules\npmlog\node_modules\gauge\node_modules\signal-exit\index.js:146:32)
12 verbose stack     at processEmit (C:\Program Files\nodejs\node_modules\npm\node_modules\npm-registry-client\node_modules\npmlog\node_modules\gauge\node_modules\signal-exit\index.js:146:32)
12 verbose stack     at Signal.wrap.onsignal (internal/process.js:199:44)
13 verbose cwd D:\SOURCES\JS\javascript-practice\angularjs
14 error Windows_NT 10.0.17134
15 error argv "C:\\Program Files\\nodejs\\node.exe" "C:\\Program Files\\nodejs\\node_modules\\npm\\bin\\npm-cli.js" "run" "serve"
16 error node v6.10.0
17 error npm  v3.10.10
18 error code ENOSYS
19 error errno ENOSYS
20 error syscall kill
21 error kill ENOSYS
22 error If you need help, you may report this error at:
22 error     <https://github.com/npm/npm/issues>
23 verbose exit [ 1, true ]
